1 0 1000000000
2 0 500000000
3 0 250000000
4 0 125000000
5 0 62500000
6 0 31250000
7 0 15625000
8 0 7812500
9 0 3906250
10 0 1953125
11 0 976562
12 0 488281
13 0 244140
14 0 122070
15 0 61035
16 0 30517
17 0 15258
18 0 7629
19 0 3814
20 0 1907
21 0 953
22 0 476
23 0 238
24 0 119
25 0 59
26 0 29
27 0 14
28 0 7
29 4 7
30 4 5
31 4 4
32 0 1000000000
33 0 500000000
34 0 250000000
35 0 125000000
36 0 62500000
37 0 31250000
38 0 15625000
39 0 7812500
40 0 3906250
41 0 1953125
42 0 976562
43 0 488281
44 0 244140
45 0 122070
46 0 61035
47 0 30517
48 0 15258
49 0 7629
50 0 3814
51 0 1907
52 0 953
53 0 476
54 0 238
55 0 119
56 0 59
57 0 29
58 0 14
59 0 7
60 0 3
61 2 3
62 2 2
63 0 1000000000
64 0 500000000
65 0 250000000
66 0 125000000
67 0 62500000
68 0 31250000
69 0 15625000
70 0 7812500
71 0 3906250
72 0 1953125
73 0 976562
74 0 488281
75 0 244140
76 0 122070
77 0 61035
78 0 30517
79 0 15258
80 0 7629
81 0 3814
82 0 1907
83 0 953
84 0 476
85 0 238
86 0 119
87 0 59
88 0 29
89 0 14
90 0 7
91 4 7
92 4 5
93 5 5
94 0 1000000000
95 0 500000000
96 0 250000000
97 0 125000000
98 0 62500000
99 0 31250000
100 0 15625000
101 0 7812500
102 0 3906250
103 0 1953125
104 0 976562
105 0 488281
106 0 244140
107 0 122070
108 0 61035
109 0 30517
110 0 15258
111 0 7629
112 0 3814
113 0 1907
114 0 953
115 0 476
116 0 238
117 0 119
118 0 59
119 0 29
120 0 14
121 0 7
122 0 3
123 0 1
124 1 1
125 0 1000000000
126 0 500000000
127 0 250000000
128 0 125000000
129 0 62500000
130 0 31250000
131 0 15625000
132 0 7812500
133 0 3906250
134 0 1953125
135 0 976562
136 0 488281
137 0 244140
138 0 122070
139 0 61035
140 0 30517
141 0 15258
142 0 7629
143 0 3814
144 0 1907
145 0 953
146 0 476
147 0 238
148 0 119
149 0 59
150 0 29
151 0 14
152 0 7
153 0 3
154 2 3
155 3 3
xjp1 1 3 1 1 
63 0 1000000000
64 0 500000000
65 0 250000000
66 0 125000000
67 0 62500000
68 0 31250000
69 0 15625000
70 0 7812500
71 0 3906250
72 0 1953125
73 0 976562
74 0 488281
75 0 244140
76 0 122070
77 0 61035
78 0 30517
79 0 15258
80 0 7629
81 0 3814
82 0 1907
83 0 953
84 0 476
85 0 238
86 0 119
87 0 59
88 0 29
89 0 14
90 0 7
91 4 7
92 4 5
93 5 5
63 0 1000000000
64 0 500000000
65 0 250000000
66 0 125000000
67 0 62500000
68 0 31250000
69 0 15625000
70 0 7812500
71 0 3906250
72 0 1953125
73 0 976562
74 0 488281
75 0 244140
76 0 122070
77 0 61035
78 0 30517
79 0 15258
80 0 7629
81 0 3814
82 0 1907
83 0 953
84 0 476
85 0 238
86 0 119
87 0 59
88 0 29
89 0 14
90 0 7
156 0 3
157 0 1
158 1 1
1
1
4
10
10
