50
50
50
50
37
50
34
50
50
15
18
49
50
48
50
50
50
34
50
49
50
50
50
49
50
50
34
50
16
50
31
50
16
50
49
18
50
50
50
35
20
50
50
43
50
34
31
43
46
48
32
49
46
18
50
50
50
32
50
50
50
49
50
50
50
48
49
46
16
46
50
50
18
50
43
14
34
50
48
50
50
16
20
50
50
13
48
35
50
49
50
50
50
31
50
48
34
50
14
50
50
50
50
49
43
43
49
50
15
50
50
49
50
49
22
16
50
50
50
34
50
50
16
50
50
50
50
9
50
35
50
34
50
50
50
50
50
34
25
22
50
31
43
50
43
50
15
34
50
37
50
43
50
50
50
50
13
34
34
50
50
50
48
43
50
50
50
50
34
50
50
16
16
17
49
50
50
43
50
50
50
50
50
43
50
49
50
49
50
50
50
50
16
14
16
43
50
50
50
34
50
15
50
50
43
48
50
50
34
31
50
48
50
16
50
34
50
18
31
50
50
16
50
50
14
34
50
50
34
21
50
31
50
20
43
31
16
15
34
18
34
50
50
34
46
29
34
50
34
50
43
50
34
50
50
34
50
20
50
31
50
50
50
46
50
50
42
34
50
50
50
44
34
50
4
50
41
50
50
34
49
34
50
49
34
46
50
31
50
49
50
50
50
48
34
49
50
17
34
50
16
20
50
34
50
50
49
48
50
48
50
50
50
16
16
43
50
50
32
12
34
50
4
50
14
50
50
50
49
50
11
15
50
50
43
50
50
3
50
50
50
50
46
34
50
50
50
32
34
34
50
49
50
46
50
16
43
14
15
50
50
46
50
50
18
46
34
46
39
34
46
18
13
43
50
50
50
38
43
50
50
34
46
49
50
20
48
50
50
50
18
50
18
50
50
50
43
48
28
48
34
46
14
10
34
34
50
50
18
50
33
50
18
20
18
43
16
32
17
50
50
50
50
16
16
50
50
50
46
31
50
50
50
50
50
16
49
34
50
49
14
16
43
34
32
43
13
48
49
34
50
16
34
17
50
34
17
50
50
49
46
18
34
48
50
48
50
50
22
50
20
34
18
50
50
31
50
43
7
50
50
50
50
15
35
23
17
50
46
33
50
50
50
50
43
18
50
50
50
46
38
50
50
50
34
25
13
48
17
50
50
47
16
50
50
50
48
50
15
34
50
50
16
18
50
50
48
50
50
50
20
13
46
50
50
46
49
34
50
50
50
27
18
50
50
49
50
50
49
50
50
17
49
50
50
20
50
50
50
15
34
49
46
50
46
50
50
50
15
50
15
50
50
49
50
50
48
50
50
50
50
50
50
31
43
16
32
50
49
46
50
18
50
50
50
50
49
30
16
50
50
46
50
14
34
16
43
32
32
50
18
50
46
50
40
50
48
50
48
17
49
14
34
50
43
18
50
50
50
34
43
50
43
15
18
43
50
16
34
49
16
50
20
14
46
46
50
34
34
34
32
16
46
50
34
50
43
50
50
17
46
50
50
50
50
50
34
50
50
19
50
50
15
50
32
50
50
50
50
50
50
49
50
50
49
49
50
50
43
50
16
40
12
49
34
20
50
17
50
50
50
50
31
18
7
50
16
50
49
50
46
50
18
49
50
50
50
50
34
34
7
15
20
50
16
48
50
50
34
50
34
50
32
50
34
50
34
32
50
13
32
5
50
50
49
50
50
34
34
50
15
50
32
31
50
34
34
34
34
34
16
48
50
50
34
50
34
50
27
32
50
50
50
50
50
16
43
49
49
50
46
50
50
50
10
50
46
34
50
50
50
20
50
8
50
34
50
34
34
40
50
48
50
49
42
50
50
50
50
48
34
50
50
50
50
50
43
34
34
50
43
32
34
50
50
46
50
49
50
34
50
18
50
15
50
50
30
50
16
16
50
32
50
13
49
46
16
50
17
46
16
43
34
12
50
16
50
34
49
50
50
31
50
50
32
18
50
50
16
50
48
50
48
50
48
50
50
50
16
46
49
32
32
15
46
43
50
50
43
50
50
16
50
16
50
33
50
31
49
50
50
15
50
34
43
50
16
50
50
15
49
34
43
31
31
34
50
34
43
34
50
50
31
14
50
15
50
50
43
50
50
50
50
50
37
50
20
50
34
12
50
50
50
50
34
50
48
50
50
50
50
50
34
32
50
31
50
20
31
15
34
49
14
34
14
50
14
16
43
46
34
18
50
43
34
34
46
46
50
16
18
50
44
50
50
34
49
50
34
50
50
34
50
50
46
50
50
49
46
6
50
50
50
34
50
50
22
50
16
50
50
50
50
49
17
43
34
50
50
20
18
50
16
48
15
34
16
50
50
43
34
43
50
49
34
34
50
34
15
48
34
32
50
50
50
17
46
35
50
50
50
10
49
34
50
16
50
50
50
50
50
34
43
43
50
50
43
50
46
50
50
49
50
20
48
34
34
17
50
17
50
32
20
48
17
50
50
32
43
50
50
43
50
50
16
50
50
50
18
50
49
43
34
16
50
50
23
50
50
46
50
50
34
50
50
49
50
18
50
46
50
50
43
50
15
34
50
50
49
50
50
19
50
50
14
50
50
49
31
50
50
49
43
50
50
49
25
17
48
17
48
13
48
50
31
50
43
34
34
49
48
32
50
43
31
50
32
48
50
50
49
43
50
50
49
43
50
50
50
31
34
43
50
16
18
43
43
50
35
46
16
34
34
50
46
50
43
16
50
16
16
50
28
37
18
50
50
50
34
42
16
49
50
50
50
50
50
50
50
50
50
50
50
50
50
50
16
50
50
31
50
34
3
50
20
50
50
50
49
50
18
50
34
50
50
50
50
49
31
43
43
15
50
50
39
25
34
50
50
50
31
43
50
50
13
34
34
43
46
34
34
49
40
50
50
50
50
34
50
50
48
50
15
50
50
50
11
24
34
49
18
48
46
50
50
50
48
34
16
46
49
50
50
14
50
49
50
31
43
50
50
21
15
14
30
50
20
49
34
50
15
46
50
50
34
50
43
50
50
49
17
50
50
34
50
49
48
16
50
50
46
49
50
50
15
50
50
50
34
50
50
46
50
32
33
13
50
34
17
50
34
34
34
36
50
17
50
34
34
34
50
50
46
43
37
43
34
50
50
32
50
43
43
14
16
50
50
50
17
50
50
50
49
50
50
46
17
50
50
17
50
50
30
42
50
20
50
50
31
12
50
49
34
48
50
50
48
34
48
34
34
43
50
34
50
50
50
34
48
50
50
50
50
50
50
50
18
29
50
12
50
50
50
34
34
18
50
50
46
50
49
15
50
16
50
48
42
50
50
20
39
50
50
9
50
50
15
50
50
50
50
18
50
50
16
43
34
50
50
34
49
50
50
50
43
50
50
49
40
50
50
50
50
50
16
18
50
50
50
34
16
20
50
50
50
50
50
16
34
34
50
50
49
34
50
50
34
15
50
50
50
50
50
50
50
50
50
50
49
50
48
31
34
50
50
16
50
50
50
50
50
50
43
31
50
50
50
49
50
50
12
46
34
50
50
50
50
43
50
43
34
50
16
43
18
50
48
32
49
50
50
50
50
34
43
50
19
49
50
50
32
50
50
50
15
49
15
43
50
1
50
15
20
16
50
17
32
49
20
43
50
50
33
50
50
31
50
39
50
50
50
50
15
50
50
16
50
50
50
34
50
49
50
34
50
32
50
18
43
23
50
50
50
50
34
33
18
50
50
50
48
50
50
50
50
49
50
49
50
49
50
43
32
50
50
50
43
34
46
50
32
43
48
50
50
50
46
49
49
49
50
1
34
32
50
50
50
48
48
49
50
12
50
49
43
34
48
34
34
34
50
34
50
49
14
50
46
43
34
34
50
50
50
49
50
50
31
46
43
50
31
34
50
50
50
20
43
50
50
16
18
50
29
34
49
22
17
50
50
50
48
50
34
49
50
50
34
50
48
50
49
50
48
36
50
16
49
50
12
46
16
43
31
50
50
49
50
48
50
50
50
50
50
50
50
5
31
50
31
48
50
35
32
15
50
34
34
50
25
49
50
49
50
50
50
46
50
43
34
34
50
50
50
50
48
49
34
34
16
50
50
50
11
14
50
17
50
50
32
50
50
36
16
34
50
50
26
48
50
32
48
50
48
50
50
50
34
50
34
34
50
50
50
50
25
50
13
50
50
48
50
31
50
34
49
50
50
21
50
34
43
50
33
34
50
50
15
50
50
50
50
16
50
43
50
50
50
34
50
50
16
17
50
50
46
50
46
50
50
30
50
50
50
50
32
14
48
46
50
50
49
46
18
46
46
50
50
34
50
45
49
50
50
18
50
50
50
50
50
48
50
13
34
43
34
17
46
50
50
50
13
50
48
32
49
50
18
43
16
26
43
50
34
18
31
50
23
50
18
32
34
20
50
34
46
49
18
50
32
43
34
50
16
50
50
50
50
34
34
17
50
50
34
50
32
25
50
50
50
34
50
34
50
49
34
50
50
50
50
43
50
50
50
50
50
50
34
46
43
50
50
49
46
50
50
28
50
50
32
50
